<?xml version="1.0" encoding="UTF-8"?>
<testng-results ignored="0" total="3" passed="3" failed="0" skipped="0">
  <reporter-output>
  </reporter-output>
  <suite started-at="2021-07-02T11:48:09 IST" name="Default suite" finished-at="2021-07-02T11:48:24 IST" duration-ms="14696">
    <groups>
    </groups>
    <test started-at="2021-07-02T11:48:09 IST" name="Default test" finished-at="2021-07-02T11:48:24 IST" duration-ms="14696">
      <class name="ui.Fitness">
        <test-method is-config="true" signature="openSite()[pri:0, instance:ui.Fitness@2fb3536e]" started-at="2021-07-02T11:48:09 IST" name="openSite" finished-at="2021-07-02T11:48:20 IST" duration-ms="11048" status="PASS">
          <reporter-output>
          </reporter-output>
        </test-method> <!-- openSite -->
        <test-method signature="selectFitnessOption()[pri:0, instance:ui.Fitness@2fb3536e]" started-at="2021-07-02T11:48:20 IST" name="selectFitnessOption" finished-at="2021-07-02T11:48:22 IST" duration-ms="1568" status="PASS">
          <reporter-output>
          </reporter-output>
        </test-method> <!-- selectFitnessOption -->
        <test-method signature="selectGymOption()[pri:1, instance:ui.Fitness@2fb3536e]" started-at="2021-07-02T11:48:22 IST" name="selectGymOption" finished-at="2021-07-02T11:48:23 IST" duration-ms="1264" status="PASS">
          <reporter-output>
          </reporter-output>
        </test-method> <!-- selectGymOption -->
        <test-method signature="printAllOptions()[pri:2, instance:ui.Fitness@2fb3536e]" started-at="2021-07-02T11:48:23 IST" name="printAllOptions" finished-at="2021-07-02T11:48:23 IST" duration-ms="462" status="PASS">
          <reporter-output>
          </reporter-output>
        </test-method> <!-- printAllOptions -->
        <test-method is-config="true" signature="Closebrowser()[pri:0, instance:ui.Fitness@2fb3536e]" started-at="2021-07-02T11:48:23 IST" name="Closebrowser" finished-at="2021-07-02T11:48:24 IST" duration-ms="262" status="PASS">
          <reporter-output>
          </reporter-output>
        </test-method> <!-- Closebrowser -->
      </class> <!-- ui.Fitness -->
    </test> <!-- Default test -->
  </suite> <!-- Default suite -->
</testng-results>
