<?xml version="1.0" encoding="UTF-8"?>
<!-- Generated by org.testng.reporters.JUnitXMLReporter -->
<testsuite ignored="0" hostname="LAPTOP-V4U774QS" failures="0" tests="3" name="Default test" time="14.696" errors="0" timestamp="2021-07-02T11:48:24 IST">
  <testcase classname="ui.Fitness" name="selectFitnessOption" time="1.568"/>
  <testcase classname="ui.Fitness" name="selectGymOption" time="1.264"/>
  <testcase classname="ui.Fitness" name="printAllOptions" time="0.462"/>
</testsuite> <!-- Default test -->
