<?xml version="1.0" encoding="UTF-8"?>
<testng-results ignored="0" total="5" passed="5" failed="0" skipped="0">
  <reporter-output>
  </reporter-output>
  <suite started-at="2021-07-03T11:24:21Z" name="Suite" finished-at="2021-07-03T11:24:57Z" duration-ms="35690">
    <groups>
    </groups>
    <test started-at="2021-07-03T11:24:21Z" name="Test" finished-at="2021-07-03T11:24:57Z" duration-ms="35690">
      <class name="ui.Login">
        <test-method signature="startAndRemoveAd()[pri:0, instance:ui.Login@6f7923a5]" started-at="2021-07-03T11:24:21Z" name="startAndRemoveAd" finished-at="2021-07-03T11:24:40Z" duration-ms="18765" status="PASS">
          <reporter-output>
          </reporter-output>
        </test-method> <!-- startAndRemoveAd -->
        <test-method signature="setupDriver()[pri:1, instance:ui.Login@6f7923a5]" started-at="2021-07-03T11:24:40Z" name="setupDriver" finished-at="2021-07-03T11:24:47Z" duration-ms="6709" status="PASS">
          <reporter-output>
          </reporter-output>
        </test-method> <!-- setupDriver -->
        <test-method signature="Listing()[pri:2, instance:ui.Login@6f7923a5]" started-at="2021-07-03T11:24:47Z" name="Listing" finished-at="2021-07-03T11:24:52Z" duration-ms="4953" status="PASS">
          <reporter-output>
          </reporter-output>
        </test-method> <!-- Listing -->
        <test-method signature="Fitness()[pri:3, instance:ui.Login@6f7923a5]" started-at="2021-07-03T11:24:52Z" name="Fitness" finished-at="2021-07-03T11:24:57Z" duration-ms="5006" status="PASS">
          <reporter-output>
          </reporter-output>
        </test-method> <!-- Fitness -->
        <test-method signature="closeBrowser()[pri:4, instance:ui.Login@6f7923a5]" started-at="2021-07-03T11:24:57Z" name="closeBrowser" finished-at="2021-07-03T11:24:57Z" duration-ms="223" status="PASS">
          <reporter-output>
          </reporter-output>
        </test-method> <!-- closeBrowser -->
      </class> <!-- ui.Login -->
    </test> <!-- Test -->
  </suite> <!-- Suite -->
</testng-results>
