<?xml version="1.0" encoding="UTF-8"?>
<testsuite xmlns:xsi="http://www.w3.org/2001/XMLSchema-instance" xsi:noNamespaceSchemaLocation="https://maven.apache.org/surefire/maven-surefire-plugin/xsd/surefire-test-report-3.0.xsd" version="3.0" name="TestSuite" time="37.078" tests="5" errors="0" skipped="0" failures="0">
  <properties>
[...]
</properties>
  <testcase name="startAndRemoveAd" classname="ui.Login" time="18.779">
    <system-out><![CDATA[[TestNGContentHandler] [WARN] It is strongly recommended to add "<!DOCTYPE suite SYSTEM "http://testng.org/testng-1.0.dtd" >" at the top of your file, otherwise TestNG may fail or not work as expected.
]]></system-out>
    <system-err><![CDATA[[main] INFO io.github.bonigarcia.wdm.WebDriverManager - Using chromedriver 91.0.4472.101 (resolved driver for Chrome 91)
[main] INFO io.github.bonigarcia.wdm.WebDriverManager - Exporting webdriver.chrome.driver as C:\Users\91987\.cache\selenium\chromedriver\win32\91.0.4472.101\chromedriver.exe
Starting ChromeDriver 91.0.4472.101 (af52a90bf87030dd1523486a1cd3ae25c5d76c9b-refs/branch-heads/4472@{#1462}) on port 33824
Only local connections are allowed.
Please see https://chromedriver.chromium.org/security-considerations for suggestions on keeping ChromeDriver safe.
ChromeDriver was started successfully.
Jul 03, 2021 4:54:23 PM org.openqa.selenium.remote.ProtocolHandshake createSession
INFO: Detected dialect: W3C
]]></system-err>
  </testcase>
  <testcase name="setupDriver" classname="ui.Login" time="6.697">
    <system-out><![CDATA[Name: The Detailing Mafia
Address: Ahinsa Khand 2-Ind.. |
PhoneNumber: 07947234760

Name: Dr. Detail
Address: Ahinsakhand-2, Ind.. |
PhoneNumber: 07947079669

Name: Sk Maruti
Address: Near HDFC BANK, No.. |
PhoneNumber: 07947234575

Name: Faster Auto Care
Address: Street No 1, Karka.. |
PhoneNumber: 07947461659

Name: Gmg Bosch Car Service
Address: Loni Road, Mohan N.. |
PhoneNumber: 07947219486

]]></system-out>
  </testcase>
  <testcase name="Listing" classname="ui.Login" time="4.951">
    <system-out><![CDATA[Error Message After entering wrong value in Input Field: Mobile number should contain atleast 10 digits

]]></system-out>
  </testcase>
  <testcase name="Fitness" classname="ui.Login" time="5.007">
    <system-out><![CDATA[All Options
24 Hours Gyms
Calisthenic Gyms
Children Gyms
Crossfit Gyms
Luxury Gyms
Men Gyms
Unisex Gyms
Women Gyms
]]></system-out>
  </testcase>
  <testcase name="closeBrowser" classname="ui.Login" time="0.224"/>
</testsuite>